<?xml version="1.0" encoding="UTF-8"?>
<!-- Generated by org.testng.reporters.JUnitReportReporter -->
<testsuite hostname="ZAIGO" failures="0" tests="1" name="hrms.TestCase" time="10.400" errors="0" timestamp="2021-02-03T14:24:39 IST" skipped="0">
  <testcase classname="hrms.TestCase" name="test" time="10.400"/>
  <system-out/>
</testsuite> <!-- hrms.TestCase -->
